[2019-09-19 08:00:20] local.ERROR: Target class [App\Http\Controllers\IndexController] does not exist. {"exception":"[object] (Illuminate\\Contracts\\Container\\BindingResolutionException(code: 0): Target class [App\\Http\\Controllers\\IndexController] does not exist. at E:\\OpenServer529premium\\OSPanel\\domains\\localhost\\vendor\\laravel\\framework\\src\\Illuminate\\Container\\Container.php:806)
[stacktrace]
#0 E:\\OpenServer529premium\\OSPanel\\domains\\localhost\\vendor\\laravel\\framework\\src\\Illuminate\\Container\\Container.php(682): Illuminate\\Container\\Container->build('App\\\\Http\\\\Contro...')
#1 E:\\OpenServer529premium\\OSPanel\\domains\\localhost\\vendor\\laravel\\framework\\src\\Illuminate\\Container\\Container.php(630): Illuminate\\Container\\Container->resolve('App\\\\Http\\\\Contro...', Array)
#2 E:\\OpenServer529premium\\OSPanel\\domains\\localhost\\vendor\\laravel\\framework\\src\\Illuminate\\Foundation\\Application.php(768): Illuminate\\Container\\Container->make('App\\\\Http\\\\Contro...', Array)
#3 E:\\OpenServer529premium\\OSPanel\\domains\\localhost\\vendor\\laravel\\framework\\src\\Illuminate\\Routing\\Route.php(233): Illuminate\\Foundation\\Application->make('App\\\\Http\\\\Contro...')
#4 E:\\OpenServer529premium\\OSPanel\\domains\\localhost\\vendor\\laravel\\framework\\src\\Illuminate\\Routing\\Route.php(833): Illuminate\\Routing\\Route->getController()
#5 E:\\OpenServer529premium\\OSPanel\\domains\\localhost\\vendor\\laravel\\framework\\src\\Illuminate\\Routing\\Route.php(794): Illuminate\\Routing\\Route->controllerMiddleware()
#6 E:\\OpenServer529premium\\OSPanel\\domains\\localhost\\vendor\\laravel\\framework\\src\\Illuminate\\Routing\\Router.php(693): Illuminate\\Routing\\Route->gatherMiddleware()
#7 E:\\OpenServer529premium\\OSPanel\\domains\\localhost\\vendor\\laravel\\framework\\src\\Illuminate\\Routing\\Router.php(673): Illuminate\\Routing\\Router->gatherRouteMiddleware(Object(Illuminate\\Routing\\Route))
#8 E:\\OpenServer529premium\\OSPanel\\domains\\localhost\\vendor\\laravel\\framework\\src\\Illuminate\\Routing\\Router.php(657): Illuminate\\Routing\\Router->runRouteWithinStack(Object(Illuminate\\Routing\\Route), Object(Illuminate\\Http\\Request))
#9 E:\\OpenServer529premium\\OSPanel\\domains\\localhost\\vendor\\laravel\\framework\\src\\Illuminate\\Routing\\Router.php(623): Illuminate\\Routing\\Router->runRoute(Object(Illuminate\\Http\\Request), Object(Illuminate\\Routing\\Route))
#10 E:\\OpenServer529premium\\OSPanel\\domains\\localhost\\vendor\\laravel\\framework\\src\\Illuminate\\Routing\\Router.php(612): Illuminate\\Routing\\Router->dispatchToRoute(Object(Illuminate\\Http\\Request))
#11 E:\\OpenServer529premium\\OSPanel\\domains\\localhost\\vendor\\laravel\\framework\\src\\Illuminate\\Foundation\\Http\\Kernel.php(176): Illuminate\\Routing\\Router->dispatch(Object(Illuminate\\Http\\Request))
#12 E:\\OpenServer529premium\\OSPanel\\domains\\localhost\\vendor\\laravel\\framework\\src\\Illuminate\\Pipeline\\Pipeline.php(130): Illuminate\\Foundation\\Http\\Kernel->Illuminate\\Foundation\\Http\\{closure}(Object(Illuminate\\Http\\Request))
#13 E:\\OpenServer529premium\\OSPanel\\domains\\localhost\\vendor\\laravel\\framework\\src\\Illuminate\\Foundation\\Http\\Middleware\\TransformsRequest.php(21): Illuminate\\Pipeline\\Pipeline->Illuminate\\Pipeline\\{closure}(Object(Illuminate\\Http\\Request))
#14 E:\\OpenServer529premium\\OSPanel\\domains\\localhost\\vendor\\laravel\\framework\\src\\Illuminate\\Pipeline\\Pipeline.php(171): Illuminate\\Foundation\\Http\\Middleware\\TransformsRequest->handle(Object(Illuminate\\Http\\Request), Object(Closure))
#15 E:\\OpenServer529premium\\OSPanel\\domains\\localhost\\vendor\\laravel\\framework\\src\\Illuminate\\Foundation\\Http\\Middleware\\TransformsRequest.php(21): Illuminate\\Pipeline\\Pipeline->Illuminate\\Pipeline\\{closure}(Object(Illuminate\\Http\\Request))
#16 E:\\OpenServer529premium\\OSPanel\\domains\\localhost\\vendor\\laravel\\framework\\src\\Illuminate\\Pipeline\\Pipeline.php(171): Illuminate\\Foundation\\Http\\Middleware\\TransformsRequest->handle(Object(Illuminate\\Http\\Request), Object(Closure))
#17 E:\\OpenServer529premium\\OSPanel\\domains\\localhost\\vendor\\laravel\\framework\\src\\Illuminate\\Foundation\\Http\\Middleware\\ValidatePostSize.php(27): Illuminate\\Pipeline\\Pipeline->Illuminate\\Pipeline\\{closure}(Object(Illuminate\\Http\\Request))
#18 E:\\OpenServer529premium\\OSPanel\\domains\\localhost\\vendor\\laravel\\framework\\src\\Illuminate\\Pipeline\\Pipeline.php(171): Illuminate\\Foundation\\Http\\Middleware\\ValidatePostSize->handle(Object(Illuminate\\Http\\Request), Object(Closure))
#19 E:\\OpenServer529premium\\OSPanel\\domains\\localhost\\vendor\\laravel\\framework\\src\\Illuminate\\Foundation\\Http\\Middleware\\CheckForMaintenanceMode.php(62): Illuminate\\Pipeline\\Pipeline->Illuminate\\Pipeline\\{closure}(Object(Illuminate\\Http\\Request))
#20 E:\\OpenServer529premium\\OSPanel\\domains\\localhost\\vendor\\laravel\\framework\\src\\Illuminate\\Pipeline\\Pipeline.php(171): Illuminate\\Foundation\\Http\\Middleware\\CheckForMaintenanceMode->handle(Object(Illuminate\\Http\\Request), Object(Closure))
#21 E:\\OpenServer529premium\\OSPanel\\domains\\localhost\\vendor\\fideloper\\proxy\\src\\TrustProxies.php(57): Illuminate\\Pipeline\\Pipeline->Illuminate\\Pipeline\\{closure}(Object(Illuminate\\Http\\Request))
#22 E:\\OpenServer529premium\\OSPanel\\domains\\localhost\\vendor\\laravel\\framework\\src\\Illuminate\\Pipeline\\Pipeline.php(171): Fideloper\\Proxy\\TrustProxies->handle(Object(Illuminate\\Http\\Request), Object(Closure))
#23 E:\\OpenServer529premium\\OSPanel\\domains\\localhost\\vendor\\laravel\\framework\\src\\Illuminate\\Pipeline\\Pipeline.php(105): Illuminate\\Pipeline\\Pipeline->Illuminate\\Pipeline\\{closure}(Object(Illuminate\\Http\\Request))
#24 E:\\OpenServer529premium\\OSPanel\\domains\\localhost\\vendor\\laravel\\framework\\src\\Illuminate\\Foundation\\Http\\Kernel.php(151): Illuminate\\Pipeline\\Pipeline->then(Object(Closure))
#25 E:\\OpenServer529premium\\OSPanel\\domains\\localhost\\vendor\\laravel\\framework\\src\\Illuminate\\Foundation\\Http\\Kernel.php(116): Illuminate\\Foundation\\Http\\Kernel->sendRequestThroughRouter(Object(Illuminate\\Http\\Request))
#26 E:\\OpenServer529premium\\OSPanel\\domains\\localhost\\public\\index.php(55): Illuminate\\Foundation\\Http\\Kernel->handle(Object(Illuminate\\Http\\Request))
#27 {main}

[previous exception] [object] (ReflectionException(code: -1): Class App\\Http\\Controllers\\IndexController does not exist at E:\\OpenServer529premium\\OSPanel\\domains\\localhost\\vendor\\laravel\\framework\\src\\Illuminate\\Container\\Container.php:804)
[stacktrace]
#0 E:\\OpenServer529premium\\OSPanel\\domains\\localhost\\vendor\\laravel\\framework\\src\\Illuminate\\Container\\Container.php(804): ReflectionClass->__construct('App\\\\Http\\\\Contro...')
#1 E:\\OpenServer529premium\\OSPanel\\domains\\localhost\\vendor\\laravel\\framework\\src\\Illuminate\\Container\\Container.php(682): Illuminate\\Container\\Container->build('App\\\\Http\\\\Contro...')
#2 E:\\OpenServer529premium\\OSPanel\\domains\\localhost\\vendor\\laravel\\framework\\src\\Illuminate\\Container\\Container.php(630): Illuminate\\Container\\Container->resolve('App\\\\Http\\\\Contro...', Array)
#3 E:\\OpenServer529premium\\OSPanel\\domains\\localhost\\vendor\\laravel\\framework\\src\\Illuminate\\Foundation\\Application.php(768): Illuminate\\Container\\Container->make('App\\\\Http\\\\Contro...', Array)
#4 E:\\OpenServer529premium\\OSPanel\\domains\\localhost\\vendor\\laravel\\framework\\src\\Illuminate\\Routing\\Route.php(233): Illuminate\\Foundation\\Application->make('App\\\\Http\\\\Contro...')
#5 E:\\OpenServer529premium\\OSPanel\\domains\\localhost\\vendor\\laravel\\framework\\src\\Illuminate\\Routing\\Route.php(833): Illuminate\\Routing\\Route->getController()
#6 E:\\OpenServer529premium\\OSPanel\\domains\\localhost\\vendor\\laravel\\framework\\src\\Illuminate\\Routing\\Route.php(794): Illuminate\\Routing\\Route->controllerMiddleware()
#7 E:\\OpenServer529premium\\OSPanel\\domains\\localhost\\vendor\\laravel\\framework\\src\\Illuminate\\Routing\\Router.php(693): Illuminate\\Routing\\Route->gatherMiddleware()
#8 E:\\OpenServer529premium\\OSPanel\\domains\\localhost\\vendor\\laravel\\framework\\src\\Illuminate\\Routing\\Router.php(673): Illuminate\\Routing\\Router->gatherRouteMiddleware(Object(Illuminate\\Routing\\Route))
#9 E:\\OpenServer529premium\\OSPanel\\domains\\localhost\\vendor\\laravel\\framework\\src\\Illuminate\\Routing\\Router.php(657): Illuminate\\Routing\\Router->runRouteWithinStack(Object(Illuminate\\Routing\\Route), Object(Illuminate\\Http\\Request))
#10 E:\\OpenServer529premium\\OSPanel\\domains\\localhost\\vendor\\laravel\\framework\\src\\Illuminate\\Routing\\Router.php(623): Illuminate\\Routing\\Router->runRoute(Object(Illuminate\\Http\\Request), Object(Illuminate\\Routing\\Route))
#11 E:\\OpenServer529premium\\OSPanel\\domains\\localhost\\vendor\\laravel\\framework\\src\\Illuminate\\Routing\\Router.php(612): Illuminate\\Routing\\Router->dispatchToRoute(Object(Illuminate\\Http\\Request))
#12 E:\\OpenServer529premium\\OSPanel\\domains\\localhost\\vendor\\laravel\\framework\\src\\Illuminate\\Foundation\\Http\\Kernel.php(176): Illuminate\\Routing\\Router->dispatch(Object(Illuminate\\Http\\Request))
#13 E:\\OpenServer529premium\\OSPanel\\domains\\localhost\\vendor\\laravel\\framework\\src\\Illuminate\\Pipeline\\Pipeline.php(130): Illuminate\\Foundation\\Http\\Kernel->Illuminate\\Foundation\\Http\\{closure}(Object(Illuminate\\Http\\Request))
#14 E:\\OpenServer529premium\\OSPanel\\domains\\localhost\\vendor\\laravel\\framework\\src\\Illuminate\\Foundation\\Http\\Middleware\\TransformsRequest.php(21): Illuminate\\Pipeline\\Pipeline->Illuminate\\Pipeline\\{closure}(Object(Illuminate\\Http\\Request))
#15 E:\\OpenServer529premium\\OSPanel\\domains\\localhost\\vendor\\laravel\\framework\\src\\Illuminate\\Pipeline\\Pipeline.php(171): Illuminate\\Foundation\\Http\\Middleware\\TransformsRequest->handle(Object(Illuminate\\Http\\Request), Object(Closure))
#16 E:\\OpenServer529premium\\OSPanel\\domains\\localhost\\vendor\\laravel\\framework\\src\\Illuminate\\Foundation\\Http\\Middleware\\TransformsRequest.php(21): Illuminate\\Pipeline\\Pipeline->Illuminate\\Pipeline\\{closure}(Object(Illuminate\\Http\\Request))
#17 E:\\OpenServer529premium\\OSPanel\\domains\\localhost\\vendor\\laravel\\framework\\src\\Illuminate\\Pipeline\\Pipeline.php(171): Illuminate\\Foundation\\Http\\Middleware\\TransformsRequest->handle(Object(Illuminate\\Http\\Request), Object(Closure))
#18 E:\\OpenServer529premium\\OSPanel\\domains\\localhost\\vendor\\laravel\\framework\\src\\Illuminate\\Foundation\\Http\\Middleware\\ValidatePostSize.php(27): Illuminate\\Pipeline\\Pipeline->Illuminate\\Pipeline\\{closure}(Object(Illuminate\\Http\\Request))
#19 E:\\OpenServer529premium\\OSPanel\\domains\\localhost\\vendor\\laravel\\framework\\src\\Illuminate\\Pipeline\\Pipeline.php(171): Illuminate\\Foundation\\Http\\Middleware\\ValidatePostSize->handle(Object(Illuminate\\Http\\Request), Object(Closure))
#20 E:\\OpenServer529premium\\OSPanel\\domains\\localhost\\vendor\\laravel\\framework\\src\\Illuminate\\Foundation\\Http\\Middleware\\CheckForMaintenanceMode.php(62): Illuminate\\Pipeline\\Pipeline->Illuminate\\Pipeline\\{closure}(Object(Illuminate\\Http\\Request))
#21 E:\\OpenServer529premium\\OSPanel\\domains\\localhost\\vendor\\laravel\\framework\\src\\Illuminate\\Pipeline\\Pipeline.php(171): Illuminate\\Foundation\\Http\\Middleware\\CheckForMaintenanceMode->handle(Object(Illuminate\\Http\\Request), Object(Closure))
#22 E:\\OpenServer529premium\\OSPanel\\domains\\localhost\\vendor\\fideloper\\proxy\\src\\TrustProxies.php(57): Illuminate\\Pipeline\\Pipeline->Illuminate\\Pipeline\\{closure}(Object(Illuminate\\Http\\Request))
#23 E:\\OpenServer529premium\\OSPanel\\domains\\localhost\\vendor\\laravel\\framework\\src\\Illuminate\\Pipeline\\Pipeline.php(171): Fideloper\\Proxy\\TrustProxies->handle(Object(Illuminate\\Http\\Request), Object(Closure))
#24 E:\\OpenServer529premium\\OSPanel\\domains\\localhost\\vendor\\laravel\\framework\\src\\Illuminate\\Pipeline\\Pipeline.php(105): Illuminate\\Pipeline\\Pipeline->Illuminate\\Pipeline\\{closure}(Object(Illuminate\\Http\\Request))
#25 E:\\OpenServer529premium\\OSPanel\\domains\\localhost\\vendor\\laravel\\framework\\src\\Illuminate\\Foundation\\Http\\Kernel.php(151): Illuminate\\Pipeline\\Pipeline->then(Object(Closure))
#26 E:\\OpenServer529premium\\OSPanel\\domains\\localhost\\vendor\\laravel\\framework\\src\\Illuminate\\Foundation\\Http\\Kernel.php(116): Illuminate\\Foundation\\Http\\Kernel->sendRequestThroughRouter(Object(Illuminate\\Http\\Request))
#27 E:\\OpenServer529premium\\OSPanel\\domains\\localhost\\public\\index.php(55): Illuminate\\Foundation\\Http\\Kernel->handle(Object(Illuminate\\Http\\Request))
#28 {main}
"} 
[2019-09-19 08:08:49] local.ERROR: syntax error, unexpected 'echo' (T_ECHO), expecting function (T_FUNCTION) or const (T_CONST) {"exception":"[object] (Symfony\\Component\\Debug\\Exception\\FatalThrowableError(code: 0): syntax error, unexpected 'echo' (T_ECHO), expecting function (T_FUNCTION) or const (T_CONST) at E:\\OpenServer529premium\\OSPanel\\domains\\localhost\\app\\Http\\Controllers\\IndexController.php:13)
[stacktrace]
#0 E:\\OpenServer529premium\\OSPanel\\domains\\localhost\\vendor\\composer\\ClassLoader.php(322): Composer\\Autoload\\includeFile('E:\\\\OpenServer52...')
#1 [internal function]: Composer\\Autoload\\ClassLoader->loadClass('App\\\\Http\\\\Contro...')
#2 [internal function]: spl_autoload_call('App\\\\Http\\\\Contro...')
#3 E:\\OpenServer529premium\\OSPanel\\domains\\localhost\\vendor\\laravel\\framework\\src\\Illuminate\\Container\\Container.php(804): ReflectionClass->__construct('App\\\\Http\\\\Contro...')
#4 E:\\OpenServer529premium\\OSPanel\\domains\\localhost\\vendor\\laravel\\framework\\src\\Illuminate\\Container\\Container.php(682): Illuminate\\Container\\Container->build('App\\\\Http\\\\Contro...')
#5 E:\\OpenServer529premium\\OSPanel\\domains\\localhost\\vendor\\laravel\\framework\\src\\Illuminate\\Container\\Container.php(630): Illuminate\\Container\\Container->resolve('App\\\\Http\\\\Contro...', Array)
#6 E:\\OpenServer529premium\\OSPanel\\domains\\localhost\\vendor\\laravel\\framework\\src\\Illuminate\\Foundation\\Application.php(768): Illuminate\\Container\\Container->make('App\\\\Http\\\\Contro...', Array)
#7 E:\\OpenServer529premium\\OSPanel\\domains\\localhost\\vendor\\laravel\\framework\\src\\Illuminate\\Routing\\Route.php(233): Illuminate\\Foundation\\Application->make('App\\\\Http\\\\Contro...')
#8 E:\\OpenServer529premium\\OSPanel\\domains\\localhost\\vendor\\laravel\\framework\\src\\Illuminate\\Routing\\Route.php(833): Illuminate\\Routing\\Route->getController()
#9 E:\\OpenServer529premium\\OSPanel\\domains\\localhost\\vendor\\laravel\\framework\\src\\Illuminate\\Routing\\Route.php(794): Illuminate\\Routing\\Route->controllerMiddleware()
#10 E:\\OpenServer529premium\\OSPanel\\domains\\localhost\\vendor\\laravel\\framework\\src\\Illuminate\\Routing\\Router.php(693): Illuminate\\Routing\\Route->gatherMiddleware()
#11 E:\\OpenServer529premium\\OSPanel\\domains\\localhost\\vendor\\laravel\\framework\\src\\Illuminate\\Routing\\Router.php(673): Illuminate\\Routing\\Router->gatherRouteMiddleware(Object(Illuminate\\Routing\\Route))
#12 E:\\OpenServer529premium\\OSPanel\\domains\\localhost\\vendor\\laravel\\framework\\src\\Illuminate\\Routing\\Router.php(657): Illuminate\\Routing\\Router->runRouteWithinStack(Object(Illuminate\\Routing\\Route), Object(Illuminate\\Http\\Request))
#13 E:\\OpenServer529premium\\OSPanel\\domains\\localhost\\vendor\\laravel\\framework\\src\\Illuminate\\Routing\\Router.php(623): Illuminate\\Routing\\Router->runRoute(Object(Illuminate\\Http\\Request), Object(Illuminate\\Routing\\Route))
#14 E:\\OpenServer529premium\\OSPanel\\domains\\localhost\\vendor\\laravel\\framework\\src\\Illuminate\\Routing\\Router.php(612): Illuminate\\Routing\\Router->dispatchToRoute(Object(Illuminate\\Http\\Request))
#15 E:\\OpenServer529premium\\OSPanel\\domains\\localhost\\vendor\\laravel\\framework\\src\\Illuminate\\Foundation\\Http\\Kernel.php(176): Illuminate\\Routing\\Router->dispatch(Object(Illuminate\\Http\\Request))
#16 E:\\OpenServer529premium\\OSPanel\\domains\\localhost\\vendor\\laravel\\framework\\src\\Illuminate\\Pipeline\\Pipeline.php(130): Illuminate\\Foundation\\Http\\Kernel->Illuminate\\Foundation\\Http\\{closure}(Object(Illuminate\\Http\\Request))
#17 E:\\OpenServer529premium\\OSPanel\\domains\\localhost\\vendor\\laravel\\framework\\src\\Illuminate\\Foundation\\Http\\Middleware\\TransformsRequest.php(21): Illuminate\\Pipeline\\Pipeline->Illuminate\\Pipeline\\{closure}(Object(Illuminate\\Http\\Request))
#18 E:\\OpenServer529premium\\OSPanel\\domains\\localhost\\vendor\\laravel\\framework\\src\\Illuminate\\Pipeline\\Pipeline.php(171): Illuminate\\Foundation\\Http\\Middleware\\TransformsRequest->handle(Object(Illuminate\\Http\\Request), Object(Closure))
#19 E:\\OpenServer529premium\\OSPanel\\domains\\localhost\\vendor\\laravel\\framework\\src\\Illuminate\\Foundation\\Http\\Middleware\\TransformsRequest.php(21): Illuminate\\Pipeline\\Pipeline->Illuminate\\Pipeline\\{closure}(Object(Illuminate\\Http\\Request))
#20 E:\\OpenServer529premium\\OSPanel\\domains\\localhost\\vendor\\laravel\\framework\\src\\Illuminate\\Pipeline\\Pipeline.php(171): Illuminate\\Foundation\\Http\\Middleware\\TransformsRequest->handle(Object(Illuminate\\Http\\Request), Object(Closure))
#21 E:\\OpenServer529premium\\OSPanel\\domains\\localhost\\vendor\\laravel\\framework\\src\\Illuminate\\Foundation\\Http\\Middleware\\ValidatePostSize.php(27): Illuminate\\Pipeline\\Pipeline->Illuminate\\Pipeline\\{closure}(Object(Illuminate\\Http\\Request))
#22 E:\\OpenServer529premium\\OSPanel\\domains\\localhost\\vendor\\laravel\\framework\\src\\Illuminate\\Pipeline\\Pipeline.php(171): Illuminate\\Foundation\\Http\\Middleware\\ValidatePostSize->handle(Object(Illuminate\\Http\\Request), Object(Closure))
#23 E:\\OpenServer529premium\\OSPanel\\domains\\localhost\\vendor\\laravel\\framework\\src\\Illuminate\\Foundation\\Http\\Middleware\\CheckForMaintenanceMode.php(62): Illuminate\\Pipeline\\Pipeline->Illuminate\\Pipeline\\{closure}(Object(Illuminate\\Http\\Request))
#24 E:\\OpenServer529premium\\OSPanel\\domains\\localhost\\vendor\\laravel\\framework\\src\\Illuminate\\Pipeline\\Pipeline.php(171): Illuminate\\Foundation\\Http\\Middleware\\CheckForMaintenanceMode->handle(Object(Illuminate\\Http\\Request), Object(Closure))
#25 E:\\OpenServer529premium\\OSPanel\\domains\\localhost\\vendor\\fideloper\\proxy\\src\\TrustProxies.php(57): Illuminate\\Pipeline\\Pipeline->Illuminate\\Pipeline\\{closure}(Object(Illuminate\\Http\\Request))
#26 E:\\OpenServer529premium\\OSPanel\\domains\\localhost\\vendor\\laravel\\framework\\src\\Illuminate\\Pipeline\\Pipeline.php(171): Fideloper\\Proxy\\TrustProxies->handle(Object(Illuminate\\Http\\Request), Object(Closure))
#27 E:\\OpenServer529premium\\OSPanel\\domains\\localhost\\vendor\\laravel\\framework\\src\\Illuminate\\Pipeline\\Pipeline.php(105): Illuminate\\Pipeline\\Pipeline->Illuminate\\Pipeline\\{closure}(Object(Illuminate\\Http\\Request))
#28 E:\\OpenServer529premium\\OSPanel\\domains\\localhost\\vendor\\laravel\\framework\\src\\Illuminate\\Foundation\\Http\\Kernel.php(151): Illuminate\\Pipeline\\Pipeline->then(Object(Closure))
#29 E:\\OpenServer529premium\\OSPanel\\domains\\localhost\\vendor\\laravel\\framework\\src\\Illuminate\\Foundation\\Http\\Kernel.php(116): Illuminate\\Foundation\\Http\\Kernel->sendRequestThroughRouter(Object(Illuminate\\Http\\Request))
#30 E:\\OpenServer529premium\\OSPanel\\domains\\localhost\\public\\index.php(55): Illuminate\\Foundation\\Http\\Kernel->handle(Object(Illuminate\\Http\\Request))
#31 {main}
"} 
[2019-09-19 13:32:49] local.ERROR: Method App\Http\Controllers\NewroomController::showformroom does not exist. {"exception":"[object] (BadMethodCallException(code: 0): Method App\\Http\\Controllers\\NewroomController::showformroom does not exist. at E:\\OpenServer529premium\\OSPanel\\domains\\localhost\\vendor\\laravel\\framework\\src\\Illuminate\\Routing\\Controller.php:68)
[stacktrace]
#0 [internal function]: Illuminate\\Routing\\Controller->__call('showformroom', Array)
#1 E:\\OpenServer529premium\\OSPanel\\domains\\localhost\\vendor\\laravel\\framework\\src\\Illuminate\\Routing\\Controller.php(54): call_user_func_array(Array, Array)
#2 E:\\OpenServer529premium\\OSPanel\\domains\\localhost\\vendor\\laravel\\framework\\src\\Illuminate\\Routing\\ControllerDispatcher.php(45): Illuminate\\Routing\\Controller->callAction('showformroom', Array)
#3 E:\\OpenServer529premium\\OSPanel\\domains\\localhost\\vendor\\laravel\\framework\\src\\Illuminate\\Routing\\Route.php(219): Illuminate\\Routing\\ControllerDispatcher->dispatch(Object(Illuminate\\Routing\\Route), Object(App\\Http\\Controllers\\NewroomController), 'showformroom')
#4 E:\\OpenServer529premium\\OSPanel\\domains\\localhost\\vendor\\laravel\\framework\\src\\Illuminate\\Routing\\Route.php(176): Illuminate\\Routing\\Route->runController()
#5 E:\\OpenServer529premium\\OSPanel\\domains\\localhost\\vendor\\laravel\\framework\\src\\Illuminate\\Routing\\Router.php(680): Illuminate\\Routing\\Route->run()
#6 E:\\OpenServer529premium\\OSPanel\\domains\\localhost\\vendor\\laravel\\framework\\src\\Illuminate\\Pipeline\\Pipeline.php(130): Illuminate\\Routing\\Router->Illuminate\\Routing\\{closure}(Object(Illuminate\\Http\\Request))
#7 E:\\OpenServer529premium\\OSPanel\\domains\\localhost\\vendor\\laravel\\framework\\src\\Illuminate\\Routing\\Middleware\\SubstituteBindings.php(41): Illuminate\\Pipeline\\Pipeline->Illuminate\\Pipeline\\{closure}(Object(Illuminate\\Http\\Request))
#8 E:\\OpenServer529premium\\OSPanel\\domains\\localhost\\vendor\\laravel\\framework\\src\\Illuminate\\Pipeline\\Pipeline.php(171): Illuminate\\Routing\\Middleware\\SubstituteBindings->handle(Object(Illuminate\\Http\\Request), Object(Closure))
#9 E:\\OpenServer529premium\\OSPanel\\domains\\localhost\\vendor\\laravel\\framework\\src\\Illuminate\\Foundation\\Http\\Middleware\\VerifyCsrfToken.php(75): Illuminate\\Pipeline\\Pipeline->Illuminate\\Pipeline\\{closure}(Object(Illuminate\\Http\\Request))
#10 E:\\OpenServer529premium\\OSPanel\\domains\\localhost\\vendor\\laravel\\framework\\src\\Illuminate\\Pipeline\\Pipeline.php(171): Illuminate\\Foundation\\Http\\Middleware\\VerifyCsrfToken->handle(Object(Illuminate\\Http\\Request), Object(Closure))
#11 E:\\OpenServer529premium\\OSPanel\\domains\\localhost\\vendor\\laravel\\framework\\src\\Illuminate\\View\\Middleware\\ShareErrorsFromSession.php(49): Illuminate\\Pipeline\\Pipeline->Illuminate\\Pipeline\\{closure}(Object(Illuminate\\Http\\Request))
#12 E:\\OpenServer529premium\\OSPanel\\domains\\localhost\\vendor\\laravel\\framework\\src\\Illuminate\\Pipeline\\Pipeline.php(171): Illuminate\\View\\Middleware\\ShareErrorsFromSession->handle(Object(Illuminate\\Http\\Request), Object(Closure))
#13 E:\\OpenServer529premium\\OSPanel\\domains\\localhost\\vendor\\laravel\\framework\\src\\Illuminate\\Session\\Middleware\\StartSession.php(56): Illuminate\\Pipeline\\Pipeline->Illuminate\\Pipeline\\{closure}(Object(Illuminate\\Http\\Request))
#14 E:\\OpenServer529premium\\OSPanel\\domains\\localhost\\vendor\\laravel\\framework\\src\\Illuminate\\Pipeline\\Pipeline.php(171): Illuminate\\Session\\Middleware\\StartSession->handle(Object(Illuminate\\Http\\Request), Object(Closure))
#15 E:\\OpenServer529premium\\OSPanel\\domains\\localhost\\vendor\\laravel\\framework\\src\\Illuminate\\Cookie\\Middleware\\AddQueuedCookiesToResponse.php(37): Illuminate\\Pipeline\\Pipeline->Illuminate\\Pipeline\\{closure}(Object(Illuminate\\Http\\Request))
#16 E:\\OpenServer529premium\\OSPanel\\domains\\localhost\\vendor\\laravel\\framework\\src\\Illuminate\\Pipeline\\Pipeline.php(171): Illuminate\\Cookie\\Middleware\\AddQueuedCookiesToResponse->handle(Object(Illuminate\\Http\\Request), Object(Closure))
#17 E:\\OpenServer529premium\\OSPanel\\domains\\localhost\\vendor\\laravel\\framework\\src\\Illuminate\\Cookie\\Middleware\\EncryptCookies.php(66): Illuminate\\Pipeline\\Pipeline->Illuminate\\Pipeline\\{closure}(Object(Illuminate\\Http\\Request))
#18 E:\\OpenServer529premium\\OSPanel\\domains\\localhost\\vendor\\laravel\\framework\\src\\Illuminate\\Pipeline\\Pipeline.php(171): Illuminate\\Cookie\\Middleware\\EncryptCookies->handle(Object(Illuminate\\Http\\Request), Object(Closure))
#19 E:\\OpenServer529premium\\OSPanel\\domains\\localhost\\vendor\\laravel\\framework\\src\\Illuminate\\Pipeline\\Pipeline.php(105): Illuminate\\Pipeline\\Pipeline->Illuminate\\Pipeline\\{closure}(Object(Illuminate\\Http\\Request))
#20 E:\\OpenServer529premium\\OSPanel\\domains\\localhost\\vendor\\laravel\\framework\\src\\Illuminate\\Routing\\Router.php(682): Illuminate\\Pipeline\\Pipeline->then(Object(Closure))
#21 E:\\OpenServer529premium\\OSPanel\\domains\\localhost\\vendor\\laravel\\framework\\src\\Illuminate\\Routing\\Router.php(657): Illuminate\\Routing\\Router->runRouteWithinStack(Object(Illuminate\\Routing\\Route), Object(Illuminate\\Http\\Request))
#22 E:\\OpenServer529premium\\OSPanel\\domains\\localhost\\vendor\\laravel\\framework\\src\\Illuminate\\Routing\\Router.php(623): Illuminate\\Routing\\Router->runRoute(Object(Illuminate\\Http\\Request), Object(Illuminate\\Routing\\Route))
#23 E:\\OpenServer529premium\\OSPanel\\domains\\localhost\\vendor\\laravel\\framework\\src\\Illuminate\\Routing\\Router.php(612): Illuminate\\Routing\\Router->dispatchToRoute(Object(Illuminate\\Http\\Request))
#24 E:\\OpenServer529premium\\OSPanel\\domains\\localhost\\vendor\\laravel\\framework\\src\\Illuminate\\Foundation\\Http\\Kernel.php(176): Illuminate\\Routing\\Router->dispatch(Object(Illuminate\\Http\\Request))
#25 E:\\OpenServer529premium\\OSPanel\\domains\\localhost\\vendor\\laravel\\framework\\src\\Illuminate\\Pipeline\\Pipeline.php(130): Illuminate\\Foundation\\Http\\Kernel->Illuminate\\Foundation\\Http\\{closure}(Object(Illuminate\\Http\\Request))
#26 E:\\OpenServer529premium\\OSPanel\\domains\\localhost\\vendor\\laravel\\framework\\src\\Illuminate\\Foundation\\Http\\Middleware\\TransformsRequest.php(21): Illuminate\\Pipeline\\Pipeline->Illuminate\\Pipeline\\{closure}(Object(Illuminate\\Http\\Request))
#27 E:\\OpenServer529premium\\OSPanel\\domains\\localhost\\vendor\\laravel\\framework\\src\\Illuminate\\Pipeline\\Pipeline.php(171): Illuminate\\Foundation\\Http\\Middleware\\TransformsRequest->handle(Object(Illuminate\\Http\\Request), Object(Closure))
#28 E:\\OpenServer529premium\\OSPanel\\domains\\localhost\\vendor\\laravel\\framework\\src\\Illuminate\\Foundation\\Http\\Middleware\\TransformsRequest.php(21): Illuminate\\Pipeline\\Pipeline->Illuminate\\Pipeline\\{closure}(Object(Illuminate\\Http\\Request))
#29 E:\\OpenServer529premium\\OSPanel\\domains\\localhost\\vendor\\laravel\\framework\\src\\Illuminate\\Pipeline\\Pipeline.php(171): Illuminate\\Foundation\\Http\\Middleware\\TransformsRequest->handle(Object(Illuminate\\Http\\Request), Object(Closure))
#30 E:\\OpenServer529premium\\OSPanel\\domains\\localhost\\vendor\\laravel\\framework\\src\\Illuminate\\Foundation\\Http\\Middleware\\ValidatePostSize.php(27): Illuminate\\Pipeline\\Pipeline->Illuminate\\Pipeline\\{closure}(Object(Illuminate\\Http\\Request))
#31 E:\\OpenServer529premium\\OSPanel\\domains\\localhost\\vendor\\laravel\\framework\\src\\Illuminate\\Pipeline\\Pipeline.php(171): Illuminate\\Foundation\\Http\\Middleware\\ValidatePostSize->handle(Object(Illuminate\\Http\\Request), Object(Closure))
#32 E:\\OpenServer529premium\\OSPanel\\domains\\localhost\\vendor\\laravel\\framework\\src\\Illuminate\\Foundation\\Http\\Middleware\\CheckForMaintenanceMode.php(62): Illuminate\\Pipeline\\Pipeline->Illuminate\\Pipeline\\{closure}(Object(Illuminate\\Http\\Request))
#33 E:\\OpenServer529premium\\OSPanel\\domains\\localhost\\vendor\\laravel\\framework\\src\\Illuminate\\Pipeline\\Pipeline.php(171): Illuminate\\Foundation\\Http\\Middleware\\CheckForMaintenanceMode->handle(Object(Illuminate\\Http\\Request), Object(Closure))
#34 E:\\OpenServer529premium\\OSPanel\\domains\\localhost\\vendor\\fideloper\\proxy\\src\\TrustProxies.php(57): Illuminate\\Pipeline\\Pipeline->Illuminate\\Pipeline\\{closure}(Object(Illuminate\\Http\\Request))
#35 E:\\OpenServer529premium\\OSPanel\\domains\\localhost\\vendor\\laravel\\framework\\src\\Illuminate\\Pipeline\\Pipeline.php(171): Fideloper\\Proxy\\TrustProxies->handle(Object(Illuminate\\Http\\Request), Object(Closure))
#36 E:\\OpenServer529premium\\OSPanel\\domains\\localhost\\vendor\\laravel\\framework\\src\\Illuminate\\Pipeline\\Pipeline.php(105): Illuminate\\Pipeline\\Pipeline->Illuminate\\Pipeline\\{closure}(Object(Illuminate\\Http\\Request))
#37 E:\\OpenServer529premium\\OSPanel\\domains\\localhost\\vendor\\laravel\\framework\\src\\Illuminate\\Foundation\\Http\\Kernel.php(151): Illuminate\\Pipeline\\Pipeline->then(Object(Closure))
#38 E:\\OpenServer529premium\\OSPanel\\domains\\localhost\\vendor\\laravel\\framework\\src\\Illuminate\\Foundation\\Http\\Kernel.php(116): Illuminate\\Foundation\\Http\\Kernel->sendRequestThroughRouter(Object(Illuminate\\Http\\Request))
#39 E:\\OpenServer529premium\\OSPanel\\domains\\localhost\\public\\index.php(55): Illuminate\\Foundation\\Http\\Kernel->handle(Object(Illuminate\\Http\\Request))
#40 {main}
"} 
[2019-09-19 13:33:34] local.ERROR: View [showformroom] not found. {"exception":"[object] (InvalidArgumentException(code: 0): View [showformroom] not found. at E:\\OpenServer529premium\\OSPanel\\domains\\localhost\\vendor\\laravel\\framework\\src\\Illuminate\\View\\FileViewFinder.php:137)
[stacktrace]
#0 E:\\OpenServer529premium\\OSPanel\\domains\\localhost\\vendor\\laravel\\framework\\src\\Illuminate\\View\\FileViewFinder.php(79): Illuminate\\View\\FileViewFinder->findInPaths('showformroom', Array)
#1 E:\\OpenServer529premium\\OSPanel\\domains\\localhost\\vendor\\laravel\\framework\\src\\Illuminate\\View\\Factory.php(131): Illuminate\\View\\FileViewFinder->find('showformroom')
#2 E:\\OpenServer529premium\\OSPanel\\domains\\localhost\\vendor\\laravel\\framework\\src\\Illuminate\\Foundation\\helpers.php(971): Illuminate\\View\\Factory->make('showformroom', Array, Array)
#3 E:\\OpenServer529premium\\OSPanel\\domains\\localhost\\app\\Http\\Controllers\\NewroomController.php(11): view('showformroom')
#4 [internal function]: App\\Http\\Controllers\\NewroomController->showformroom()
#5 E:\\OpenServer529premium\\OSPanel\\domains\\localhost\\vendor\\laravel\\framework\\src\\Illuminate\\Routing\\Controller.php(54): call_user_func_array(Array, Array)
#6 E:\\OpenServer529premium\\OSPanel\\domains\\localhost\\vendor\\laravel\\framework\\src\\Illuminate\\Routing\\ControllerDispatcher.php(45): Illuminate\\Routing\\Controller->callAction('showformroom', Array)
#7 E:\\OpenServer529premium\\OSPanel\\domains\\localhost\\vendor\\laravel\\framework\\src\\Illuminate\\Routing\\Route.php(219): Illuminate\\Routing\\ControllerDispatcher->dispatch(Object(Illuminate\\Routing\\Route), Object(App\\Http\\Controllers\\NewroomController), 'showformroom')
#8 E:\\OpenServer529premium\\OSPanel\\domains\\localhost\\vendor\\laravel\\framework\\src\\Illuminate\\Routing\\Route.php(176): Illuminate\\Routing\\Route->runController()
#9 E:\\OpenServer529premium\\OSPanel\\domains\\localhost\\vendor\\laravel\\framework\\src\\Illuminate\\Routing\\Router.php(680): Illuminate\\Routing\\Route->run()
#10 E:\\OpenServer529premium\\OSPanel\\domains\\localhost\\vendor\\laravel\\framework\\src\\Illuminate\\Pipeline\\Pipeline.php(130): Illuminate\\Routing\\Router->Illuminate\\Routing\\{closure}(Object(Illuminate\\Http\\Request))
#11 E:\\OpenServer529premium\\OSPanel\\domains\\localhost\\vendor\\laravel\\framework\\src\\Illuminate\\Routing\\Middleware\\SubstituteBindings.php(41): Illuminate\\Pipeline\\Pipeline->Illuminate\\Pipeline\\{closure}(Object(Illuminate\\Http\\Request))
#12 E:\\OpenServer529premium\\OSPanel\\domains\\localhost\\vendor\\laravel\\framework\\src\\Illuminate\\Pipeline\\Pipeline.php(171): Illuminate\\Routing\\Middleware\\SubstituteBindings->handle(Object(Illuminate\\Http\\Request), Object(Closure))
#13 E:\\OpenServer529premium\\OSPanel\\domains\\localhost\\vendor\\laravel\\framework\\src\\Illuminate\\Foundation\\Http\\Middleware\\VerifyCsrfToken.php(75): Illuminate\\Pipeline\\Pipeline->Illuminate\\Pipeline\\{closure}(Object(Illuminate\\Http\\Request))
#14 E:\\OpenServer529premium\\OSPanel\\domains\\localhost\\vendor\\laravel\\framework\\src\\Illuminate\\Pipeline\\Pipeline.php(171): Illuminate\\Foundation\\Http\\Middleware\\VerifyCsrfToken->handle(Object(Illuminate\\Http\\Request), Object(Closure))
#15 E:\\OpenServer529premium\\OSPanel\\domains\\localhost\\vendor\\laravel\\framework\\src\\Illuminate\\View\\Middleware\\ShareErrorsFromSession.php(49): Illuminate\\Pipeline\\Pipeline->Illuminate\\Pipeline\\{closure}(Object(Illuminate\\Http\\Request))
#16 E:\\OpenServer529premium\\OSPanel\\domains\\localhost\\vendor\\laravel\\framework\\src\\Illuminate\\Pipeline\\Pipeline.php(171): Illuminate\\View\\Middleware\\ShareErrorsFromSession->handle(Object(Illuminate\\Http\\Request), Object(Closure))
#17 E:\\OpenServer529premium\\OSPanel\\domains\\localhost\\vendor\\laravel\\framework\\src\\Illuminate\\Session\\Middleware\\StartSession.php(56): Illuminate\\Pipeline\\Pipeline->Illuminate\\Pipeline\\{closure}(Object(Illuminate\\Http\\Request))
#18 E:\\OpenServer529premium\\OSPanel\\domains\\localhost\\vendor\\laravel\\framework\\src\\Illuminate\\Pipeline\\Pipeline.php(171): Illuminate\\Session\\Middleware\\StartSession->handle(Object(Illuminate\\Http\\Request), Object(Closure))
#19 E:\\OpenServer529premium\\OSPanel\\domains\\localhost\\vendor\\laravel\\framework\\src\\Illuminate\\Cookie\\Middleware\\AddQueuedCookiesToResponse.php(37): Illuminate\\Pipeline\\Pipeline->Illuminate\\Pipeline\\{closure}(Object(Illuminate\\Http\\Request))
#20 E:\\OpenServer529premium\\OSPanel\\domains\\localhost\\vendor\\laravel\\framework\\src\\Illuminate\\Pipeline\\Pipeline.php(171): Illuminate\\Cookie\\Middleware\\AddQueuedCookiesToResponse->handle(Object(Illuminate\\Http\\Request), Object(Closure))
#21 E:\\OpenServer529premium\\OSPanel\\domains\\localhost\\vendor\\laravel\\framework\\src\\Illuminate\\Cookie\\Middleware\\EncryptCookies.php(66): Illuminate\\Pipeline\\Pipeline->Illuminate\\Pipeline\\{closure}(Object(Illuminate\\Http\\Request))
#22 E:\\OpenServer529premium\\OSPanel\\domains\\localhost\\vendor\\laravel\\framework\\src\\Illuminate\\Pipeline\\Pipeline.php(171): Illuminate\\Cookie\\Middleware\\EncryptCookies->handle(Object(Illuminate\\Http\\Request), Object(Closure))
#23 E:\\OpenServer529premium\\OSPanel\\domains\\localhost\\vendor\\laravel\\framework\\src\\Illuminate\\Pipeline\\Pipeline.php(105): Illuminate\\Pipeline\\Pipeline->Illuminate\\Pipeline\\{closure}(Object(Illuminate\\Http\\Request))
#24 E:\\OpenServer529premium\\OSPanel\\domains\\localhost\\vendor\\laravel\\framework\\src\\Illuminate\\Routing\\Router.php(682): Illuminate\\Pipeline\\Pipeline->then(Object(Closure))
#25 E:\\OpenServer529premium\\OSPanel\\domains\\localhost\\vendor\\laravel\\framework\\src\\Illuminate\\Routing\\Router.php(657): Illuminate\\Routing\\Router->runRouteWithinStack(Object(Illuminate\\Routing\\Route), Object(Illuminate\\Http\\Request))
#26 E:\\OpenServer529premium\\OSPanel\\domains\\localhost\\vendor\\laravel\\framework\\src\\Illuminate\\Routing\\Router.php(623): Illuminate\\Routing\\Router->runRoute(Object(Illuminate\\Http\\Request), Object(Illuminate\\Routing\\Route))
#27 E:\\OpenServer529premium\\OSPanel\\domains\\localhost\\vendor\\laravel\\framework\\src\\Illuminate\\Routing\\Router.php(612): Illuminate\\Routing\\Router->dispatchToRoute(Object(Illuminate\\Http\\Request))
#28 E:\\OpenServer529premium\\OSPanel\\domains\\localhost\\vendor\\laravel\\framework\\src\\Illuminate\\Foundation\\Http\\Kernel.php(176): Illuminate\\Routing\\Router->dispatch(Object(Illuminate\\Http\\Request))
#29 E:\\OpenServer529premium\\OSPanel\\domains\\localhost\\vendor\\laravel\\framework\\src\\Illuminate\\Pipeline\\Pipeline.php(130): Illuminate\\Foundation\\Http\\Kernel->Illuminate\\Foundation\\Http\\{closure}(Object(Illuminate\\Http\\Request))
#30 E:\\OpenServer529premium\\OSPanel\\domains\\localhost\\vendor\\laravel\\framework\\src\\Illuminate\\Foundation\\Http\\Middleware\\TransformsRequest.php(21): Illuminate\\Pipeline\\Pipeline->Illuminate\\Pipeline\\{closure}(Object(Illuminate\\Http\\Request))
#31 E:\\OpenServer529premium\\OSPanel\\domains\\localhost\\vendor\\laravel\\framework\\src\\Illuminate\\Pipeline\\Pipeline.php(171): Illuminate\\Foundation\\Http\\Middleware\\TransformsRequest->handle(Object(Illuminate\\Http\\Request), Object(Closure))
#32 E:\\OpenServer529premium\\OSPanel\\domains\\localhost\\vendor\\laravel\\framework\\src\\Illuminate\\Foundation\\Http\\Middleware\\TransformsRequest.php(21): Illuminate\\Pipeline\\Pipeline->Illuminate\\Pipeline\\{closure}(Object(Illuminate\\Http\\Request))
#33 E:\\OpenServer529premium\\OSPanel\\domains\\localhost\\vendor\\laravel\\framework\\src\\Illuminate\\Pipeline\\Pipeline.php(171): Illuminate\\Foundation\\Http\\Middleware\\TransformsRequest->handle(Object(Illuminate\\Http\\Request), Object(Closure))
#34 E:\\OpenServer529premium\\OSPanel\\domains\\localhost\\vendor\\laravel\\framework\\src\\Illuminate\\Foundation\\Http\\Middleware\\ValidatePostSize.php(27): Illuminate\\Pipeline\\Pipeline->Illuminate\\Pipeline\\{closure}(Object(Illuminate\\Http\\Request))
#35 E:\\OpenServer529premium\\OSPanel\\domains\\localhost\\vendor\\laravel\\framework\\src\\Illuminate\\Pipeline\\Pipeline.php(171): Illuminate\\Foundation\\Http\\Middleware\\ValidatePostSize->handle(Object(Illuminate\\Http\\Request), Object(Closure))
#36 E:\\OpenServer529premium\\OSPanel\\domains\\localhost\\vendor\\laravel\\framework\\src\\Illuminate\\Foundation\\Http\\Middleware\\CheckForMaintenanceMode.php(62): Illuminate\\Pipeline\\Pipeline->Illuminate\\Pipeline\\{closure}(Object(Illuminate\\Http\\Request))
#37 E:\\OpenServer529premium\\OSPanel\\domains\\localhost\\vendor\\laravel\\framework\\src\\Illuminate\\Pipeline\\Pipeline.php(171): Illuminate\\Foundation\\Http\\Middleware\\CheckForMaintenanceMode->handle(Object(Illuminate\\Http\\Request), Object(Closure))
#38 E:\\OpenServer529premium\\OSPanel\\domains\\localhost\\vendor\\fideloper\\proxy\\src\\TrustProxies.php(57): Illuminate\\Pipeline\\Pipeline->Illuminate\\Pipeline\\{closure}(Object(Illuminate\\Http\\Request))
#39 E:\\OpenServer529premium\\OSPanel\\domains\\localhost\\vendor\\laravel\\framework\\src\\Illuminate\\Pipeline\\Pipeline.php(171): Fideloper\\Proxy\\TrustProxies->handle(Object(Illuminate\\Http\\Request), Object(Closure))
#40 E:\\OpenServer529premium\\OSPanel\\domains\\localhost\\vendor\\laravel\\framework\\src\\Illuminate\\Pipeline\\Pipeline.php(105): Illuminate\\Pipeline\\Pipeline->Illuminate\\Pipeline\\{closure}(Object(Illuminate\\Http\\Request))
#41 E:\\OpenServer529premium\\OSPanel\\domains\\localhost\\vendor\\laravel\\framework\\src\\Illuminate\\Foundation\\Http\\Kernel.php(151): Illuminate\\Pipeline\\Pipeline->then(Object(Closure))
#42 E:\\OpenServer529premium\\OSPanel\\domains\\localhost\\vendor\\laravel\\framework\\src\\Illuminate\\Foundation\\Http\\Kernel.php(116): Illuminate\\Foundation\\Http\\Kernel->sendRequestThroughRouter(Object(Illuminate\\Http\\Request))
#43 E:\\OpenServer529premium\\OSPanel\\domains\\localhost\\public\\index.php(55): Illuminate\\Foundation\\Http\\Kernel->handle(Object(Illuminate\\Http\\Request))
#44 {main}
"} 
